# JRE version: Java(TM) SE Runtime Environment (8.0_181-b13) (build 1.8.0_181-b13)
# Java VM: Java HotSpot(TM) 64-Bit Server VM (25.181-b13 mixed mode windows-amd64 compressed oops)
Heap:
 PSYoungGen      total 183296K, used 74589K [0x00000000d5580000, 0x00000000e1b80000, 0x0000000100000000)
  eden space 175616K, 38% used [0x00000000d5580000,0x00000000d9714450,0x00000000e0100000)
  from space 7680K, 96% used [0x00000000e1400000,0x00000000e1b430a8,0x00000000e1b80000)
  to   space 10752K, 0% used [0x00000000e0680000,0x00000000e0680000,0x00000000e1100000)
 ParOldGen       total 69632K, used 13878K [0x0000000080000000, 0x0000000084400000, 0x00000000d5580000)
  object space 69632K, 19% used [0x0000000080000000,0x0000000080d8d958,0x0000000084400000)
 Metaspace       used 30810K, capacity 31914K, committed 32256K, reserved 1077248K
  class space    used 3688K, capacity 3985K, committed 4096K, reserved 1048576K
GC Heap History (10 events):
Event: 1.286 GC heap before
{Heap before GC invocations=5 (full 0):
 PSYoungGen      total 70656K, used 70634K [0x00000000d5580000, 0x00000000d9f80000, 0x0000000100000000)
  eden space 65536K, 100% used [0x00000000d5580000,0x00000000d9580000,0x00000000d9580000)
  from space 5120K, 99% used [0x00000000d9a80000,0x00000000d9f7ab18,0x00000000d9f80000)
  to   space 5120K, 0% used [0x00000000d9580000,0x00000000d9580000,0x00000000d9a80000)
 ParOldGen       total 86016K, used 3629K [0x0000000080000000, 0x0000000085400000, 0x00000000d5580000)
  object space 86016K, 4% used [0x0000000080000000,0x000000008038b680,0x0000000085400000)
 Metaspace       used 20336K, capacity 20694K, committed 20864K, reserved 1067008K
  class space    used 2267K, capacity 2374K, committed 2432K, reserved 1048576K
Event: 1.292 GC heap after
Heap after GC invocations=5 (full 0):
 PSYoungGen      total 70656K, used 5110K [0x00000000d5580000, 0x00000000dea80000, 0x0000000100000000)
  eden space 65536K, 0% used [0x00000000d5580000,0x00000000d5580000,0x00000000d9580000)
  from space 5120K, 99% used [0x00000000d9580000,0x00000000d9a7d818,0x00000000d9a80000)
  to   space 10752K, 0% used [0x00000000de000000,0x00000000de000000,0x00000000dea80000)
 ParOldGen       total 86016K, used 9422K [0x0000000080000000, 0x0000000085400000, 0x00000000d5580000)
  object space 86016K, 10% used [0x0000000080000000,0x0000000080933aa0,0x0000000085400000)
 Metaspace       used 20336K, capacity 20694K, committed 20864K, reserved 1067008K
  class space    used 2267K, capacity 2374K, committed 2432K, reserved 1048576K
}
Event: 1.444 GC heap before
{Heap before GC invocations=6 (full 0):
 PSYoungGen      total 70656K, used 64587K [0x00000000d5580000, 0x00000000dea80000, 0x0000000100000000)
  eden space 65536K, 90% used [0x00000000d5580000,0x00000000d8f954b0,0x00000000d9580000)
  from space 5120K, 99% used [0x00000000d9580000,0x00000000d9a7d818,0x00000000d9a80000)
  to   space 10752K, 0% used [0x00000000de000000,0x00000000de000000,0x00000000dea80000)
 ParOldGen       total 86016K, used 9422K [0x0000000080000000, 0x0000000085400000, 0x00000000d5580000)
  object space 86016K, 10% used [0x0000000080000000,0x0000000080933aa0,0x0000000085400000)
 Metaspace       used 20790K, capacity 21134K, committed 21296K, reserved 1069056K
  class space    used 2309K, capacity 2414K, committed 2432K, reserved 1048576K
Event: 1.452 GC heap after
Heap after GC invocations=6 (full 0):
 PSYoungGen      total 141312K, used 9038K [0x00000000d5580000, 0x00000000deb80000, 0x0000000100000000)
  eden space 130560K, 0% used [0x00000000d5580000,0x00000000d5580000,0x00000000dd500000)
  from space 10752K, 84% used [0x00000000de000000,0x00000000de8d3ad8,0x00000000dea80000)
  to   space 11264K, 0% used [0x00000000dd500000,0x00000000dd500000,0x00000000de000000)
 ParOldGen       total 86016K, used 9430K [0x0000000080000000, 0x0000000085400000, 0x00000000d5580000)
  object space 86016K, 10% used [0x0000000080000000,0x0000000080935aa0,0x0000000085400000)
 Metaspace       used 20790K, capacity 21134K, committed 21296K, reserved 1069056K
  class space    used 2309K, capacity 2414K, committed 2432K, reserved 1048576K
}
Event: 1.452 GC heap before
{Heap before GC invocations=7 (full 1):
 PSYoungGen      total 141312K, used 9038K [0x00000000d5580000, 0x00000000deb80000, 0x0000000100000000)
  eden space 130560K, 0% used [0x00000000d5580000,0x00000000d5580000,0x00000000dd500000)
  from space 10752K, 84% used [0x00000000de000000,0x00000000de8d3ad8,0x00000000dea80000)
  to   space 11264K, 0% used [0x00000000dd500000,0x00000000dd500000,0x00000000de000000)
 ParOldGen       total 86016K, used 9430K [0x0000000080000000, 0x0000000085400000, 0x00000000d5580000)
  object space 86016K, 10% used [0x0000000080000000,0x0000000080935aa0,0x0000000085400000)
 Metaspace       used 20790K, capacity 21134K, committed 21296K, reserved 1069056K
  class space    used 2309K, capacity 2414K, committed 2432K, reserved 1048576K
Event: 1.494 GC heap after
Heap after GC invocations=7 (full 1):
 PSYoungGen      total 141312K, used 0K [0x00000000d5580000, 0x00000000deb80000, 0x0000000100000000)
  eden space 130560K, 0% used [0x00000000d5580000,0x00000000d5580000,0x00000000dd500000)
  from space 10752K, 0% used [0x00000000de000000,0x00000000de000000,0x00000000dea80000)
  to   space 11264K, 0% used [0x00000000dd500000,0x00000000dd500000,0x00000000de000000)
 ParOldGen       total 69632K, used 13862K [0x0000000080000000, 0x0000000084400000, 0x00000000d5580000)
  object space 69632K, 19% used [0x0000000080000000,0x0000000080d89958,0x0000000084400000)
 Metaspace       used 20790K, capacity 21134K, committed 21296K, reserved 1069056K
  class space    used 2309K, capacity 2414K, committed 2432K, reserved 1048576K
}
Event: 3.569 GC heap before
{Heap before GC invocations=8 (full 1):
 PSYoungGen      total 141312K, used 130560K [0x00000000d5580000, 0x00000000deb80000, 0x0000000100000000)
  eden space 130560K, 100% used [0x00000000d5580000,0x00000000dd500000,0x00000000dd500000)
  from space 10752K, 0% used [0x00000000de000000,0x00000000de000000,0x00000000dea80000)
  to   space 11264K, 0% used [0x00000000dd500000,0x00000000dd500000,0x00000000de000000)
 ParOldGen       total 69632K, used 13862K [0x0000000080000000, 0x0000000084400000, 0x00000000d5580000)
  object space 69632K, 19% used [0x0000000080000000,0x0000000080d89958,0x0000000084400000)
 Metaspace       used 26510K, capacity 27222K, committed 27392K, reserved 1073152K
  class space    used 3147K, capacity 3318K, committed 3328K, reserved 1048576K
Event: 3.575 GC heap after
Heap after GC invocations=8 (full 1):
 PSYoungGen      total 141824K, used 7321K [0x00000000d5580000, 0x00000000e1e80000, 0x0000000100000000)
  eden space 130560K, 0% used [0x00000000d5580000,0x00000000d5580000,0x00000000dd500000)
  from space 11264K, 64% used [0x00000000dd500000,0x00000000ddc26650,0x00000000de000000)
  to   space 10752K, 0% used [0x00000000e1400000,0x00000000e1400000,0x00000000e1e80000)
 ParOldGen       total 69632K, used 13870K [0x0000000080000000, 0x0000000084400000, 0x00000000d5580000)
  object space 69632K, 19% used [0x0000000080000000,0x0000000080d8b958,0x0000000084400000)
 Metaspace       used 26510K, capacity 27222K, committed 27392K, reserved 1073152K
  class space    used 3147K, capacity 3318K, committed 3328K, reserved 1048576K
}
Event: 18.867 GC heap before
{Heap before GC invocations=9 (full 1):
 PSYoungGen      total 141824K, used 137881K [0x00000000d5580000, 0x00000000e1e80000, 0x0000000100000000)
  eden space 130560K, 100% used [0x00000000d5580000,0x00000000dd500000,0x00000000dd500000)
  from space 11264K, 64% used [0x00000000dd500000,0x00000000ddc26650,0x00000000de000000)
  to   space 10752K, 0% used [0x00000000e1400000,0x00000000e1400000,0x00000000e1e80000)
 ParOldGen       total 69632K, used 13870K [0x0000000080000000, 0x0000000084400000, 0x00000000d5580000)
  object space 69632K, 19% used [0x0000000080000000,0x0000000080d8b958,0x0000000084400000)
 Metaspace       used 30605K, capacity 31642K, committed 31872K, reserved 1077248K
  class space    used 3681K, capacity 3968K, committed 3968K, reserved 1048576K
Event: 18.873 GC heap after
Heap after GC invocations=9 (full 1):
 PSYoungGen      total 183296K, used 7436K [0x00000000d5580000, 0x00000000e1b80000, 0x0000000100000000)
  eden space 175616K, 0% used [0x00000000d5580000,0x00000000d5580000,0x00000000e0100000)
  from space 7680K, 96% used [0x00000000e1400000,0x00000000e1b430a8,0x00000000e1b80000)
  to   space 10752K, 0% used [0x00000000e0680000,0x00000000e0680000,0x00000000e1100000)
 ParOldGen       total 69632K, used 13878K [0x0000000080000000, 0x0000000084400000, 0x00000000d5580000)
  object space 69632K, 19% used [0x0000000080000000,0x0000000080d8d958,0x0000000084400000)
 Metaspace       used 30605K, capacity 31642K, committed 31872K, reserved 1077248K
  class space    used 3681K, capacity 3968K, committed 3968K, reserved 1048576K
}

